1                                           The SAS System           14:31 Thursday, December 14, 2023

NOTE: Copyright (c) 2002-2010 by SAS Institute Inc., Cary, NC, USA. 
NOTE: SAS (r) Proprietary Software 9.3 (TS1M2) 
      Licensed to GENERAL DYNAMICS IT INC/CDC NEDSS 2, Site 70238317.
NOTE: This session is executing on the X64_DSRV12  platform.



NOTE: Enhanced analytical products:

SAS/ETS 12.1

NOTE: SAS initialization used:
      real time           0.39 seconds
      cpu time            0.32 seconds
      
1          /*----------------------------------------------------
2          
3           	CODESET TABLE
4          	This program should be part of the setup
5          	and needs to run only once before all other
6          	porgrams
7          
8          ------------------------------------------------------*/
9          %macro loadCodeSet;
10         /*Check to see if the libref has been assigned. If a libref is not assigned
11         then execute the macro called etllib defined in either autoexec.sas or etldevenv.sas*/
12         %if %SYSFUNC(LIBREF(nbs_ods)) NE 0 or
13         	%SYSFUNC(LIBREF(nbs_srt)) NE 0 or
14         	%SYSFUNC(LIBREF(nbs_rdb)) NE 0
15         %then %do;
16         %etllib;
17         %include etlpgm(etlmacro.sas);
18         %end;
19         
20         
21         /* totalidm.XLS
22         SELECT     	[Unique ID],
23         			[SRT Reference],
24         			format,
25         			label
26         FROM  imdbo.tblTOTALIDM
27         WHERE     (Status = 'Active') and [Unique ID] NOT IN ('------', '******')
28         ORDER BY [Unique ID]
29         */
30         /* Load the codeset data sets from Excel */
31         
32         
33         /*Proc Import datafile="&SAS_REPORT_HOME\metadata\totalidm.XLS" Replace Out=nbsfmt.totalidm
33       ! ;   Run;*/
34         
35         
36         Proc SQL;
37          Create table nbsfmt.totalidm as
38         	select
2                                           The SAS System           14:31 Thursday, December 14, 2023

39         	unique_cd as unique_id 'unique_id',
40         	SRT_reference as SRT_reference 'SRT_reference',
41         	format as format 'format',
42         	label as label 'label'
43         	from nbs_srt.totalidm;
44         Quit;
45         
46         /*
47         %macro importfact (sheet, DSout);
48         	Proc Import datafile="&SAS_REPORT_HOME\metadata\imRDBmapping.xls" Replace Out=&DSout;
49         
50         	Sheet=&sheet;
51          Run;
52         %mend importfact;
53         
54         %importfact ('bmird',BMIRDcodeset);
55         %importfact ('sumcase',SUMcodeset);
56         %importfact ('labobs',LABcodeset);
57         %importfact ('morbidity',MORBcodeset);
58         %importfact ('treatment',TREATcodeset);
59         %importfact ('vaccination',VACCcodeset);
60         %importfact ('rubella',RUBcodeset);
61         %importfact ('pertussis',PERTcodeset);
62         %importfact ('crs',CRScodeset);
63         %importfact ('measles',MEAcodeset);
64         %importfact ('hepatitis',HEPcodeset);
65         %importfact ('person',PERScodeset);
66         %importfact ('org',ORGcodeset);
67         %importfact ('notification',NOTcodeset);
68         %importfact ('investigation',INVcodeset);
69         */
70         
71         Proc SQL;
72          Create table rdbdata.imrdbmapping as
73         	select unique_cd as UNIQUE_ID 'UNIQUE_ID',
74         	unique_name as unique_name 'unique_name',
75         	description as description 'description',
76         	DB_table as DB_table 'DB_table',
77         	DB_field as DB_field 'DB_field',
78         	RDB_table as RDB_table 'RDB_table',
79         	RDB_attribute as RDB_attribute 'RDB_attribute',
80         	other_attributes as other_attributes 'other_attributes',
81         	condition_cd as condition_cd 'condition_cd'
82         from nbs_srt.imrdbmapping;
83         Quit;
84         
85         
86         
87         /* append all codeset data sets */
88         Data ALLcodeset;
89          /*if a unique id has > 7, it may cuase the extra char lost*/
90          format Unique_ID $7. RDB_Attribute $32.;
91          Set rdbdata.imrdbmapping;
92          Rename RDB_Table=TBL_NM RDB_Attribute=COL_NM;
3                                           The SAS System           14:31 Thursday, December 14, 2023

93          Drop Unique_Name Description DB_Table DB_Field Other_Attributes;
94         Run;
95         
96         Proc Sort Data=ALLcodeset;
97          By Unique_ID;
98         Run;
99         Proc Sort Data=nbsfmt.totalidm out=totalidm;
100         By Unique_ID;
101        Run;
102        
103        /*NBS inserted RUB91a instead of RUB091a, we can change imRDBmapping and totalIDM,
104        or add  change here to chnge the unique_ID from RUB091a to RUB91a
105        for ALLcodeset and totalidm before joining the datasets*/
106        
107        
108        /* join totalidm to rdbcodeset to get Code_Set_Nm */
109        Data RDBCodeset;
110         Merge
111        		totalidm (rename=(srt_reference=code_set_nm) drop=format)
112        		ALLcodeset (in=B);
113         By Unique_ID;
114         if B;
115         Rename Unique_ID=CD;
116         format cd_desc $300.;
117         cd_desc = label;
118         drop label;
119        Run;
120        
121        /*get Code_Set information (system, version, etc.) from Srt */
122        Data SRTcodeset;
123         Set nbs_srt.Codeset (KEEP=code_set_nm code_set_desc_txt source_version_txt);
124         Rename code_set_desc_txt=CD_DESC
125                source_version_txt=CD_SYS_VER;
126         /* always select first entry */
127         DROP seq_num;
128        Run;
129        
130        Proc Sort Data=SRTcodeset;
131          By code_set_nm;
132        Run;
133        
134        Proc Sort Data=RDBcodeset;
135          By code_set_nm;
136        Run;
137        
138        /* Join RDBCodeset and SRTCodeset */
139        Data rdbdata.Codeset;
140         Merge RDBCodeset(in=a) SRTcodeset;
141         By code_set_nm;
142         If a;
143        Run;
144        
145        
146        
4                                           The SAS System           14:31 Thursday, December 14, 2023

147        
148        /**************************************/
149        /* CODE_VALUE_GENERAL TABLE */
150        
151        /* join Codeset and Code_Value_General on Code_Set_Nm */
152        
153        Proc SQL;
154         Create table rdbdata.code_val_general as
155          select a.cd, b.code as CODE_VAL,
156                 b.code_short_desc_txt as CODE_DESC,
157                 b.code_system_cd as CODE_SYS_CD,
158                 b.code_system_desc_txt as CODE_SYS_CD_DESC,
159                 b.effective_from_time as CODE_EFF_DT,
160        		 b.effective_to_time as CODE_END_DT
161           from rdbdata.Codeset a, nbs_srt.Code_Value_General b
162           where a.code_set_nm = b.code_set_nm;
163        Quit;
164        
165        data rdbdata.code_val_general;
166        set rdbdata.code_val_general;
167        	code_key = _n_;
168        run;
169        
170        
171        
172        Data _null_;
173        if 0 then set rdbdata.codeset nobs=n_codeset;
174        if 0 then set rdbdata.code_val_general nobs=n_cvg;
175        call symput('n_codeset',put(n_codeset, 8.));
176        call symput('n_cvg',put(n_cvg, 8.));
177        stop;
178        run;
179        %put &n_codeset;
180        
181        
182        %if &n_codeset ~= 0 and &n_cvg ~= 0 %then %do;
183        	%dbdelete(code_val_general);
184        	%dbdelete(codeset);
185        	%dbload(codeset, rdbdata.codeset);
186        	%dbload(code_val_general, rdbdata.code_val_general);
187        	%end;
188        %else
189        	%put Check these two files: totalIDM.xls and imRDBmapping.xls.;
190        %mend loadCodeSet;
191        %loadCodeSet;
NOTE: Line generated by the invoked macro "LOADCODESET".
191         %etllib;
            _
            180
WARNING: Apparent invocation of macro ETLLIB not resolved.

ERROR 180-322: Statement is not valid or it is used out of proper order.

ERROR: Physical file does not exist, D:\wildfly-10.0.0.Final\nedssdomain\Nedss\BatchFiles\etlpgm.
5                                           The SAS System           14:31 Thursday, December 14, 2023

ERROR: Unable to access the aggregate ETLPGM and therefore unable to %INCLUDE the member 
       (etlmacro.sas).
ERROR: Libname NBS_SRT is not assigned.
NOTE: PROC SQL set option NOEXEC and will continue to check the syntax of statements.
NOTE: The SAS System stopped processing this step because of errors.
NOTE: PROCEDURE SQL used (Total process time):
      real time           0.00 seconds
      cpu time            0.00 seconds
      


ERROR: Libname NBS_SRT is not assigned.
NOTE: PROC SQL set option NOEXEC and will continue to check the syntax of statements.
NOTE: The SAS System stopped processing this step because of errors.
NOTE: PROCEDURE SQL used (Total process time):
      real time           0.00 seconds
      cpu time            0.00 seconds
      


ERROR: Libname RDBDATA is not assigned.

WARNING: The variable Unique_Name in the DROP, KEEP, or RENAME list has never been referenced.
WARNING: The variable Description in the DROP, KEEP, or RENAME list has never been referenced.
WARNING: The variable DB_Table in the DROP, KEEP, or RENAME list has never been referenced.
WARNING: The variable DB_Field in the DROP, KEEP, or RENAME list has never been referenced.
WARNING: The variable Other_Attributes in the DROP, KEEP, or RENAME list has never been referenced.
WARNING: The variable RDB_Table in the DROP, KEEP, or RENAME list has never been referenced.
NOTE: The SAS System stopped processing this step because of errors.
WARNING: The data set WORK.ALLCODESET may be incomplete.  When this step was stopped there were 0 
         observations and 2 variables.
NOTE: DATA statement used (Total process time):
      real time           0.01 seconds
      cpu time            0.01 seconds
      



NOTE: Input data set is empty.
NOTE: The data set WORK.ALLCODESET has 0 observations and 2 variables.
NOTE: PROCEDURE SORT used (Total process time):
      real time           0.01 seconds
      cpu time            0.00 seconds
      

ERROR: Libname NBSFMT is not assigned.

NOTE: The SAS System stopped processing this step because of errors.
WARNING: The data set WORK.TOTALIDM may be incomplete.  When this step was stopped there were 0 
         observations and 0 variables.
NOTE: PROCEDURE SORT used (Total process time):
      real time           0.00 seconds
      cpu time            0.00 seconds
      
6                                           The SAS System           14:31 Thursday, December 14, 2023


ERROR: Variable srt_reference is not on file WORK.TOTALIDM.
ERROR: Invalid DROP, KEEP, or RENAME option on file WORK.TOTALIDM.
NOTE: The SAS System stopped processing this step because of errors.
WARNING: The data set WORK.RDBCODESET may be incomplete.  When this step was stopped there were 0 
         observations and 3 variables.
NOTE: DATA statement used (Total process time):
      real time           0.01 seconds
      cpu time            0.00 seconds
      

ERROR: Libname NBS_SRT is not assigned.

WARNING: The variable seq_num in the DROP, KEEP, or RENAME list has never been referenced.
WARNING: The variable code_set_desc_txt in the DROP, KEEP, or RENAME list has never been referenced.
WARNING: The variable source_version_txt in the DROP, KEEP, or RENAME list has never been referenced.
NOTE: The SAS System stopped processing this step because of errors.
WARNING: The data set WORK.SRTCODESET may be incomplete.  When this step was stopped there were 0 
         observations and 0 variables.
NOTE: DATA statement used (Total process time):
      real time           0.01 seconds
      cpu time            0.00 seconds
      


ERROR: Variable CODE_SET_NM not found.

NOTE: The SAS System stopped processing this step because of errors.
NOTE: PROCEDURE SORT used (Total process time):
      real time           0.00 seconds
      cpu time            0.00 seconds
      


ERROR: Variable CODE_SET_NM not found.

NOTE: The SAS System stopped processing this step because of errors.
NOTE: PROCEDURE SORT used (Total process time):
      real time           0.01 seconds
      cpu time            0.00 seconds
      



ERROR: BY variable code_set_nm is not on input data set WORK.RDBCODESET.
ERROR: BY variable code_set_nm is not on input data set WORK.SRTCODESET.
ERROR: Libname RDBDATA is not assigned.
NOTE: The SAS System stopped processing this step because of errors.
NOTE: DATA statement used (Total process time):
      real time           0.00 seconds
      cpu time            0.00 seconds
      


7                                           The SAS System           14:31 Thursday, December 14, 2023

ERROR: Libname RDBDATA is not assigned.
ERROR: Libname NBS_SRT is not assigned.
NOTE: PROC SQL set option NOEXEC and will continue to check the syntax of statements.
NOTE: The SAS System stopped processing this step because of errors.
NOTE: PROCEDURE SQL used (Total process time):
      real time           0.00 seconds
      cpu time            0.00 seconds
      


ERROR: Libname RDBDATA is not assigned.

ERROR: Libname RDBDATA is not assigned.
NOTE: The SAS System stopped processing this step because of errors.
NOTE: DATA statement used (Total process time):
      real time           0.00 seconds
      cpu time            0.00 seconds
      


ERROR: Libname RDBDATA is not assigned.
ERROR: Libname RDBDATA is not assigned.

NOTE: The SAS System stopped processing this step because of errors.
NOTE: DATA statement used (Total process time):
      real time           0.00 seconds
      cpu time            0.00 seconds
      

WARNING: Apparent symbolic reference N_CODESET not resolved.
&n_codeset
WARNING: Apparent symbolic reference N_CODESET not resolved.
ERROR: A character operand was found in the %EVAL function or %IF condition where a numeric operand 
       is required. The condition was: &n_codeset ~= 0 and &n_cvg ~= 0 
WARNING: Apparent symbolic reference N_CVG not resolved.
ERROR: The macro LOADCODESET will stop executing.
192        
193        
194        
195        
196        

ERROR: Errors printed on pages 4,5,6,7.

NOTE: SAS Institute Inc., SAS Campus Drive, Cary, NC USA 27513-2414
NOTE: The SAS System used:
      real time           0.51 seconds
      cpu time            0.35 seconds
      
