
(1 rows affected)
Return Value TEST 
------------------
                 0

(1 rows affected)
0
D_VACCINATION
Return Value
------------
           0

(1 rows affected)
240105220133

(1 rows affected)

(1 rows affected)

(0 rows affected)

(1 rows affected)

(0 rows affected)

(0 rows affected)

(23 rows affected)

(9 rows affected)

(19 rows affected)

(22 rows affected)

(1 rows affected)

(0 rows affected)

(1 rows affected)

(0 rows affected)

(0 rows affected)

(1 rows affected)

(0 rows affected)

(0 rows affected)

(1 rows affected)

(0 rows affected)

(0 rows affected)

(1 rows affected)

(0 rows affected)

(0 rows affected)

(1 rows affected)

(0 rows affected)

(1 rows affected)

(0 rows affected)

(1 rows affected)

(0 rows affected)

(1 rows affected)

(17967 rows affected)

(1 rows affected)

(0 rows affected)

(1 rows affected)

(0 rows affected)

(0 rows affected)

(0 rows affected)

(0 rows affected)

(0 rows affected)

(0 rows affected)

(17967 rows affected)

(0 rows affected)

(0 rows affected)

(0 rows affected)

(1 rows affected)

(1 rows affected)

(16 rows affected)
240105220133

(1 rows affected)

(1 rows affected)

(2 rows affected)
240105220133

(1 rows affected)

(1 rows affected)

(2 rows affected)
240105220133

(1 rows affected)

(1 rows affected)

(2 rows affected)
240105220133

(1 rows affected)

(1 rows affected)

(2 rows affected)
240105220133

(1 rows affected)

(1 rows affected)

(2 rows affected)
240105220133

(1 rows affected)

(1 rows affected)

(2 rows affected)

(1 rows affected)

(1 rows affected)

(1 rows affected)

(1 rows affected)
240105220133

(1 rows affected)

(4 rows affected)

(1 rows affected)

(0 rows affected)

(1 rows affected)

(0 rows affected)

(1 rows affected)

(0 rows affected)

(1 rows affected)

(0 rows affected)

(1 rows affected)

(0 rows affected)

(1 rows affected)

(0 rows affected)

(1 rows affected)

(0 rows affected)

(1 rows affected)

(2 rows affected)

(1 rows affected)

(0 rows affected)

(1 rows affected)

(5 rows affected)

(1 rows affected)

(2 rows affected)

(1 rows affected)

(0 rows affected)

(1 rows affected)

(0 rows affected)

(1 rows affected)

(2 rows affected)

(1 rows affected)

(1 rows affected)

(0 rows affected)

(0 rows affected)

(1 rows affected)

(2 rows affected)

(1 rows affected)

(1 rows affected)

(1 rows affected)

(4 rows affected)

(1 rows affected)

(4 rows affected)

(1 rows affected)

(4 rows affected)

(1 rows affected)

(4 rows affected)

(1 rows affected)

(4 rows affected)

(1 rows affected)

(1 rows affected)

(1 rows affected)

(0 rows affected)

(1 rows affected)

(3 rows affected)

(1 rows affected)

(3 rows affected)

(0 rows affected)

(0 rows affected)

(0 rows affected)

(1 rows affected)

(0 rows affected)

(1 rows affected)

(0 rows affected)

(1 rows affected)

(3 rows affected)

(1 rows affected)

(3 rows affected)

(3 rows affected)

(1 rows affected)

(0 rows affected)

(1 rows affected)

(3 rows affected)

(1 rows affected)

(3 rows affected)

(3 rows affected)

(1 rows affected)

(1 rows affected)

(1 rows affected)

(3 rows affected)

(1 rows affected)

(3 rows affected)

(3 rows affected)

(1 rows affected)

(1 rows affected)

(3 rows affected)

(1 rows affected)

(3 rows affected)

(1 rows affected)

(3 rows affected)

(1 rows affected)

(1 rows affected)

(1 rows affected)

(3 rows affected)

(1 rows affected)

(1 rows affected)

(1 rows affected)

(0 rows affected)

(0 rows affected)

(1 rows affected)

(0 rows affected)

(3 rows affected)

(0 rows affected)

(0 rows affected)

(1 rows affected)

(2 rows affected)

(1 rows affected)

(3 rows affected)

(2 rows affected)

(2 rows affected)

(1 rows affected)

(3 rows affected)

(3 rows affected)

(1 rows affected)

(1 rows affected)

(2 rows affected)

(1 rows affected)

(2 rows affected)

(0 rows affected)

(2 rows affected)

(2 rows affected)

(0 rows affected)

(0 rows affected)

(2 rows affected)

(2 rows affected)

(1 rows affected)

(2 rows affected)

(1 rows affected)

(1 rows affected)

(0 rows affected)

(0 rows affected)

(1 rows affected)

(0 rows affected)

(1 rows affected)

(0 rows affected)

(1 rows affected)

(1 rows affected)

(1 rows affected)

(1 rows affected)

(0 rows affected)

(1 rows affected)

(1 rows affected)
240105220133

(1 rows affected)

(0 rows affected)

(1 rows affected)

(0 rows affected)

(1 rows affected)

(0 rows affected)

(1 rows affected)

(0 rows affected)

(0 rows affected)

(1 rows affected)

(0 rows affected)

(0 rows affected)

(0 rows affected)

(0 rows affected)

(1 rows affected)

(0 rows affected)

(0 rows affected)

(0 rows affected)

(0 rows affected)

(0 rows affected)

(1 rows affected)

(0 rows affected)

(1 rows affected)

(0 rows affected)

(1 rows affected)

(0 rows affected)

(1 rows affected)

(0 rows affected)

(1 rows affected)
 

(1 rows affected)
 

(1 rows affected)
 

(1 rows affected)

(1 rows affected)

(1 rows affected)

(1 rows affected)

(0 rows affected)

(0 rows affected)

(0 rows affected)

(0 rows affected)

(1 rows affected)

(0 rows affected)

(1 rows affected)

(0 rows affected)

(0 rows affected)

(1 rows affected)

(0 rows affected)

(1 rows affected)

(0 rows affected)

(0 rows affected)

(1 rows affected)

(0 rows affected)

(1 rows affected)

(0 rows affected)

(0 rows affected)

(1 rows affected)

(0 rows affected)

(1 rows affected)

(1 rows affected)

(26 rows affected)
240105220133

(1 rows affected)

(2 rows affected)

(1 rows affected)

(2 rows affected)

(1 rows affected)

(1 rows affected)

(1 rows affected)

(1 rows affected)

(1 rows affected)

(1 rows affected)

(1 rows affected)

(1 rows affected)

(1 rows affected)

(0 rows affected)

(1 rows affected)

(1 rows affected)

(1 rows affected)

(1 rows affected)

(1 rows affected)

(1 rows affected)

(2 rows affected)

(1 rows affected)

(1 rows affected)

(1 rows affected)

(1 rows affected)

(1 rows affected)

(0 rows affected)

(0 rows affected)

(0 rows affected)

(1 rows affected)

(1 rows affected)

(1 rows affected)

(1 rows affected)

(1 rows affected)

(1 rows affected)

(0 rows affected)

(0 rows affected)

(0 rows affected)

(0 rows affected)

(1 rows affected)

(0 rows affected)

(0 rows affected)

(1 rows affected)

(1 rows affected)

(1 rows affected)

(2 rows affected)

(1 rows affected)

(2 rows affected)

(0 rows affected)

(1 rows affected)

(2 rows affected)

(1 rows affected)

(0 rows affected)

(0 rows affected)

(0 rows affected)

(1 rows affected)

(1 rows affected)

(1 rows affected)

(1 rows affected)

(1 rows affected)

(1 rows affected)

(0 rows affected)

(0 rows affected)

(0 rows affected)

(1 rows affected)

(1 rows affected)

(1 rows affected)

(1 rows affected)

(0 rows affected)

(0 rows affected)

(0 rows affected)

(1 rows affected)

(2 rows affected)

(1 rows affected)

(1 rows affected)

(0 rows affected)

(1 rows affected)

(1 rows affected)

(1 rows affected)

(1 rows affected)

(1 rows affected)

(0 rows affected)

(0 rows affected)

(1 rows affected)

(0 rows affected)

(0 rows affected)

(0 rows affected)

(0 rows affected)

(1 rows affected)

(0 rows affected)

(0 rows affected)

(1 rows affected)

(1 rows affected)

(1 rows affected)

(1 rows affected)

(0 rows affected)

(0 rows affected)

(0 rows affected)

(1 rows affected)

(0 rows affected)

(1 rows affected)

(0 rows affected)

(0 rows affected)

(0 rows affected)

(0 rows affected)

(0 rows affected)

(1 rows affected)

(0 rows affected)

(0 rows affected)

(0 rows affected)

(1 rows affected)

(0 rows affected)

(0 rows affected)

(1 rows affected)

(0 rows affected)

(0 rows affected)

(1 rows affected)

(0 rows affected)

(0 rows affected)

(0 rows affected)

(0 rows affected)

(0 rows affected)

(1 rows affected)

(0 rows affected)

(0 rows affected)

(1 rows affected)

(0 rows affected)

(0 rows affected)

(0 rows affected)

(1 rows affected)

(0 rows affected)

(0 rows affected)

(0 rows affected)

(0 rows affected)

(0 rows affected)

(1 rows affected)
CODED_DATA_OUT

(1 rows affected)

(1 rows affected)

(1 rows affected)

(0 rows affected)

(0 rows affected)

(1 rows affected)

(0 rows affected)

(0 rows affected)

(0 rows affected)

(1 rows affected)

(1 rows affected)

(1 rows affected)

(1 rows affected)

(1 rows affected)

(0 rows affected)

(0 rows affected)

(1 rows affected)

(0 rows affected)

(0 rows affected)

(0 rows affected)

(0 rows affected)

(0 rows affected)

(0 rows affected)

(1 rows affected)

(0 rows affected)

(0 rows affected)

(1 rows affected)

(0 rows affected)

(1 rows affected)

(0 rows affected)

(0 rows affected)

(0 rows affected)

(1 rows affected)

(1 rows affected)

(1 rows affected)

(1 rows affected)

(0 rows affected)

(0 rows affected)

(0 rows affected)

(0 rows affected)

(1 rows affected)

(1 rows affected)

(1 rows affected)

(1 rows affected)

(0 rows affected)

(0 rows affected)

(1 rows affected)

(1 rows affected)

(1 rows affected)

(0 rows affected)

(1 rows affected)

(1 rows affected)

(0 rows affected)

(1 rows affected)

(1 rows affected)

(1 rows affected)

(52971 rows affected)

(1 rows affected)

(50480 rows affected)

(1113 rows affected)

(1 rows affected)

(1377 rows affected)

(1 rows affected)

(50480 rows affected)

(50480 rows affected)

(1 rows affected)

(46337 rows affected)

(46337 rows affected)

(1 rows affected)

(50887 rows affected)

(50887 rows affected)

(50887 rows affected)

(50887 rows affected)

(1 rows affected)

(1 rows affected)

(0 rows affected)

(1 rows affected)

(1 rows affected)

(1 rows affected)

(2 rows affected)

(1 rows affected)

(1 rows affected)

(1 rows affected)

(1 rows affected)

(1 rows affected)

(1 rows affected)

(1 rows affected)

(0 rows affected)

(0 rows affected)

(0 rows affected)

(1 rows affected)

(1 rows affected)

(1 rows affected)

(1 rows affected)

(1 rows affected)

(1 rows affected)

(1 rows affected)

(1 rows affected)

(1 rows affected)

(1 rows affected)

(1 rows affected)

(1 rows affected)

(1 rows affected)

(1 rows affected)

(1 rows affected)

(1 rows affected)

(0 rows affected)

(0 rows affected)

(1 rows affected)

(1 rows affected)

(1 rows affected)

(1 rows affected)

(1 rows affected)

(1 rows affected)

(1 rows affected)

(1 rows affected)

(1 rows affected)

(1 rows affected)

(0 rows affected)

(0 rows affected)

(1 rows affected)

(1 rows affected)

(1 rows affected)

(1 rows affected)

(1 rows affected)

(1 rows affected)

(1 rows affected)

(1 rows affected)

(1 rows affected)

(1 rows affected)

(1 rows affected)

(1 rows affected)

(1 rows affected)

(1 rows affected)

(1 rows affected)

(1 rows affected)

(1 rows affected)

(1 rows affected)

(1 rows affected)

(1 rows affected)

(1 rows affected)

(1 rows affected)

(0 rows affected)

(1 rows affected)

(1 rows affected)

(0 rows affected)

(1 rows affected)

(1 rows affected)

(1 rows affected)

(1 rows affected)

(1 rows affected)

(1 rows affected)

(1 rows affected)

(1 rows affected)

(0 rows affected)

(1 rows affected)

(1 rows affected)

(1 rows affected)

(0 rows affected)

(0 rows affected)

(0 rows affected)

(0 rows affected)

(1 rows affected)

(1 rows affected)

(1 rows affected)

(1 rows affected)

(1 rows affected)

(1 rows affected)

(0 rows affected)

(1 rows affected)

(0 rows affected)

(0 rows affected)

(1 rows affected)

(0 rows affected)

(1 rows affected)

(0 rows affected)

(1 rows affected)

(0 rows affected)

(1 rows affected)

(0 rows affected)

(1 rows affected)

(0 rows affected)

(0 rows affected)

(0 rows affected)

(0 rows affected)

(0 rows affected)

(0 rows affected)

(0 rows affected)

(0 rows affected)

(0 rows affected)

(0 rows affected)

(0 rows affected)

(0 rows affected)

(0 rows affected)

(0 rows affected)

(0 rows affected)

(0 rows affected)

(0 rows affected)

(0 rows affected)

(0 rows affected)

(0 rows affected)

(0 rows affected)

(0 rows affected)

(0 rows affected)

(0 rows affected)

(0 rows affected)

(0 rows affected)

(0 rows affected)

(0 rows affected)

(0 rows affected)

(0 rows affected)

(0 rows affected)

(0 rows affected)

(0 rows affected)

(0 rows affected)

(0 rows affected)

(0 rows affected)

(1 rows affected)

(0 rows affected)

(1 rows affected)

(0 rows affected)

(0 rows affected)

(1 rows affected)

(0 rows affected)

(0 rows affected)

(1 rows affected)

(1 rows affected)

(0 rows affected)

(1 rows affected)

(1 rows affected)

(1 rows affected)

(1 rows affected)

(1 rows affected)

(1 rows affected)

(1 rows affected)

(1 rows affected)

(1 rows affected)

(1 rows affected)

(1 rows affected)

(1 rows affected)

(1 rows affected)

(1 rows affected)

(1 rows affected)

(1 rows affected)

(1 rows affected)

(1 rows affected)

(1 rows affected)

(1 rows affected)

(1 rows affected)

(1 rows affected)

(1 rows affected)

(1 rows affected)

(1 rows affected)

(1 rows affected)

(1 rows affected)

(1 rows affected)

(1 rows affected)

(1 rows affected)

(1 rows affected)

(1 rows affected)

(1 rows affected)

(1 rows affected)

(1 rows affected)

(1 rows affected)

(1 rows affected)

(1 rows affected)

(1 rows affected)

(1 rows affected)

(1 rows affected)

(1 rows affected)

(1 rows affected)

(1 rows affected)

(1 rows affected)

(198 rows affected)

(36 rows affected)

(1 rows affected)

(1 rows affected)
