
(1 rows affected)

(1 rows affected)
                                                                             
-------------------------------------- --------------------------------------
           1990-01-01 00:00:00.0000000            2023-09-28 19:57:29.9500000

(1 rows affected)
           
-----------
    2385635

(1 rows affected)
Return Value TEST 
------------------
                 0

(1 rows affected)
starttime1990-01-01
endtime2023-09-28
230928195729

(47709 rows affected)

(1 rows affected)

(7072918 rows affected)

(1 rows affected)

(7074329 rows affected)

(4689607 rows affected)

(0 rows affected)

(0 rows affected)

(0 rows affected)

(529272 rows affected)

(5970 rows affected)
1. starttime1990-01-01
1. endtime2023-09-28

(1450 rows affected)

(1 rows affected)

(86754 rows affected)

(48010 rows affected)

(17643 rows affected)

(93389 rows affected)

(93307 rows affected)

(31088 rows affected)

(1 rows affected)

(69530 rows affected)

(1 rows affected)

(2385138 rows affected)
2385138

(18185 rows affected)

(69765 rows affected)

(13340 rows affected)

(866272 rows affected)

(664241 rows affected)

(0 rows affected)

(652708 rows affected)

(987686 rows affected)

(660020 rows affected)

(819848 rows affected)

(809917 rows affected)

(1525 rows affected)

(1533 rows affected)

(222046 rows affected)

(4133 rows affected)

(1 rows affected)

(2097314 rows affected)

(2325365 rows affected)

(1 rows affected)

(2385138 rows affected)

(1 rows affected)

(2325802 rows affected)

(1 rows affected)

(1084951 rows affected)

(1 rows affected)

(2325802 rows affected)

(890 rows affected)

(64408 rows affected)

(56253 rows affected)

(81114 rows affected)

(73817 rows affected)

(3667 rows affected)

(5145 rows affected)

(0 rows affected)

(64408 rows affected)

(0 rows affected)

(0 rows affected)

(0 rows affected)

(1 rows affected)

(1 rows affected)

(2325795 rows affected)

(1 rows affected)

(2293755 rows affected)

(1 rows affected)

(767 rows affected)

(1 rows affected)

(2266249 rows affected)

(2249915 rows affected)

(1 rows affected)

(767 rows affected)

(1 rows affected)
Warning: Null value is eliminated by an aggregate or other SET operation.

(2249862 rows affected)

(1537 rows affected)

(1537 rows affected)

(1 rows affected)

(2335813 rows affected)

(10428 rows affected)

(1 rows affected)
Warning: Null value is eliminated by an aggregate or other SET operation.

(849756 rows affected)

(111567 rows affected)

(1 rows affected)

(601017 rows affected)

(1 rows affected)

(2325385 rows affected)

(1 rows affected)

(6018257 rows affected)
Warning: Null value is eliminated by an aggregate or other SET operation.

(2323109 rows affected)

(1 rows affected)

(2325385 rows affected)

(1 rows affected)

(2149399 rows affected)

(2113885 rows affected)

(1 rows affected)

(2325385 rows affected)

(1 rows affected)

(2325385 rows affected)

(2359 rows affected)

(904 rows affected)

(2359 rows affected)

(904 rows affected)

(1668 rows affected)

(0 rows affected)

(0 rows affected)

(1 rows affected)

(1 rows affected)

(2325385 rows affected)

(1 rows affected)

(2097332 rows affected)

(1 rows affected)

(1 rows affected)

(0 rows affected)

(1 rows affected)

(1 rows affected)
