
(1 rows affected)

(1 rows affected)
                                                                             
-------------------------------------- --------------------------------------
           2023-09-29 06:39:31.2233333            2023-11-22 16:01:15.5800000

(1 rows affected)
           
-----------
          0

(1 rows affected)
Return Value TEST 
------------------
                 0

(1 rows affected)
starttime2023-09-29
endtime2023-11-22
231122160115

(47709 rows affected)

(1 rows affected)

(2 rows affected)

(1 rows affected)

(2 rows affected)

(1 rows affected)

(0 rows affected)

(0 rows affected)

(0 rows affected)

(0 rows affected)

(0 rows affected)
1. starttime2023-09-29
1. endtime2023-11-22

(0 rows affected)

(1 rows affected)

(0 rows affected)

(0 rows affected)

(0 rows affected)

(0 rows affected)

(0 rows affected)

(0 rows affected)

(1 rows affected)

(0 rows affected)

(1 rows affected)

(1 rows affected)
1

(0 rows affected)

(0 rows affected)

(0 rows affected)

(0 rows affected)

(0 rows affected)

(0 rows affected)

(0 rows affected)

(0 rows affected)

(0 rows affected)

(0 rows affected)

(0 rows affected)

(0 rows affected)

(0 rows affected)

(0 rows affected)

(0 rows affected)

(1 rows affected)

(1 rows affected)

(1 rows affected)

(1 rows affected)

(1 rows affected)

(1 rows affected)

(1 rows affected)

(1 rows affected)

(0 rows affected)

(1 rows affected)

(1 rows affected)

(0 rows affected)

(0 rows affected)

(0 rows affected)

(0 rows affected)

(0 rows affected)

(0 rows affected)

(0 rows affected)

(0 rows affected)

(0 rows affected)

(0 rows affected)

(0 rows affected)

(0 rows affected)

(1 rows affected)

(1 rows affected)

(1 rows affected)

(1 rows affected)

(0 rows affected)

(1 rows affected)

(0 rows affected)

(1 rows affected)

(1 rows affected)

(1 rows affected)

(1 rows affected)

(0 rows affected)

(1 rows affected)
Warning: Null value is eliminated by an aggregate or other SET operation.

(1 rows affected)

(0 rows affected)

(0 rows affected)

(1 rows affected)

(1 rows affected)

(0 rows affected)

(1 rows affected)
Warning: Null value is eliminated by an aggregate or other SET operation.

(2 rows affected)

(0 rows affected)

(1 rows affected)

(1 rows affected)

(1 rows affected)

(1 rows affected)

(1 rows affected)

(2 rows affected)
Warning: Null value is eliminated by an aggregate or other SET operation.

(1 rows affected)

(1 rows affected)

(1 rows affected)

(1 rows affected)

(1 rows affected)

(1 rows affected)

(1 rows affected)

(1 rows affected)

(1 rows affected)

(1 rows affected)

(0 rows affected)

(0 rows affected)

(0 rows affected)

(0 rows affected)

(0 rows affected)

(0 rows affected)

(0 rows affected)

(1 rows affected)

(1 rows affected)

(1 rows affected)

(1 rows affected)

(1 rows affected)

(1 rows affected)

(1 rows affected)

(0 rows affected)

(1 rows affected)

(1 rows affected)
