
(1 rows affected)

(1 rows affected)
                                                                             
-------------------------------------- --------------------------------------
           2024-01-09 01:51:11.1000000            2024-01-15 20:24:16.8300000

(1 rows affected)
           
-----------
         15

(1 rows affected)
Return Value TEST 
------------------
                 0

(1 rows affected)
starttime2024-01-09
endtime2024-01-15
240115202416

(47709 rows affected)

(1 rows affected)

(52 rows affected)

(1 rows affected)

(52 rows affected)

(35 rows affected)

(0 rows affected)

(0 rows affected)

(3 rows affected)

(4 rows affected)

(0 rows affected)
1. starttime2024-01-09
1. endtime2024-01-15

(0 rows affected)

(1 rows affected)

(0 rows affected)

(0 rows affected)

(0 rows affected)

(0 rows affected)

(0 rows affected)

(0 rows affected)

(1 rows affected)

(0 rows affected)

(1 rows affected)

(17 rows affected)
17

(0 rows affected)

(0 rows affected)

(0 rows affected)

(7 rows affected)

(5 rows affected)

(0 rows affected)

(2 rows affected)

(7 rows affected)

(4 rows affected)

(6 rows affected)

(6 rows affected)

(0 rows affected)

(0 rows affected)

(0 rows affected)

(1 rows affected)

(1 rows affected)

(12 rows affected)

(13 rows affected)

(1 rows affected)

(17 rows affected)

(1 rows affected)

(16 rows affected)

(1 rows affected)

(7 rows affected)

(1 rows affected)

(16 rows affected)

(0 rows affected)

(0 rows affected)

(0 rows affected)

(0 rows affected)

(0 rows affected)

(0 rows affected)

(0 rows affected)

(0 rows affected)

(0 rows affected)

(0 rows affected)

(0 rows affected)

(0 rows affected)

(1 rows affected)

(1 rows affected)

(16 rows affected)

(1 rows affected)

(3 rows affected)

(1 rows affected)

(0 rows affected)

(1 rows affected)

(15 rows affected)

(15 rows affected)

(1 rows affected)

(0 rows affected)

(1 rows affected)
Warning: Null value is eliminated by an aggregate or other SET operation.

(15 rows affected)

(0 rows affected)

(0 rows affected)

(1 rows affected)

(16 rows affected)

(0 rows affected)

(1 rows affected)
Warning: Null value is eliminated by an aggregate or other SET operation.

(22 rows affected)

(0 rows affected)

(1 rows affected)

(11 rows affected)

(1 rows affected)

(16 rows affected)

(1 rows affected)

(48 rows affected)
Warning: Null value is eliminated by an aggregate or other SET operation.

(16 rows affected)

(1 rows affected)

(16 rows affected)

(1 rows affected)

(15 rows affected)

(14 rows affected)

(1 rows affected)

(16 rows affected)

(1 rows affected)

(16 rows affected)

(0 rows affected)

(0 rows affected)

(0 rows affected)

(0 rows affected)

(0 rows affected)

(0 rows affected)

(0 rows affected)

(1 rows affected)

(1 rows affected)

(16 rows affected)

(1 rows affected)

(15 rows affected)

(1 rows affected)

(1 rows affected)

(0 rows affected)

(1 rows affected)

(1 rows affected)
